<?xml version="1.0" encoding="UTF-8"?>
<coverage generated="1780023029553" clover="3.2.0">
  <project timestamp="1780023029553" name="All files">
    <metrics statements="108" coveredstatements="89" conditionals="27" coveredconditionals="16" methods="55" coveredmethods="44" elements="190" coveredelements="149" complexity="0" loc="108" ncloc="108" packages="8" files="13" classes="13"/>
    <package name="src">
      <metrics statements="6" coveredstatements="4" conditionals="2" coveredconditionals="0" methods="2" coveredmethods="1"/>
      <file name="App.js" path="C:\Users\Laura\Documents\EBAC\JEST\Aplica Jest con React\practica-test-biblioteca-musical\src\App.js">
        <metrics statements="6" coveredstatements="4" conditionals="2" coveredconditionals="0" methods="2" coveredmethods="1"/>
        <line num="11" count="1" type="stmt"/>
        <line num="12" count="1" type="stmt"/>
        <line num="14" count="1" type="stmt"/>
        <line num="15" count="0" type="cond" truecount="0" falsecount="2"/>
        <line num="16" count="0" type="stmt"/>
        <line num="19" count="1" type="stmt"/>
      </file>
    </package>
    <package name="src.components.Header">
      <metrics statements="17" coveredstatements="17" conditionals="0" coveredconditionals="0" methods="9" coveredmethods="9"/>
      <file name="index.js" path="C:\Users\Laura\Documents\EBAC\JEST\Aplica Jest con React\practica-test-biblioteca-musical\src\components\Header\index.js">
        <metrics statements="6" coveredstatements="6" conditionals="0" coveredconditionals="0" methods="3" coveredmethods="3"/>
        <line num="3" count="2" type="stmt"/>
        <line num="4" count="8" type="stmt"/>
        <line num="5" count="1" type="stmt"/>
        <line num="6" count="1" type="stmt"/>
        <line num="9" count="8" type="stmt"/>
        <line num="17" count="2" type="stmt"/>
      </file>
      <file name="styles.js" path="C:\Users\Laura\Documents\EBAC\JEST\Aplica Jest con React\practica-test-biblioteca-musical\src\components\Header\styles.js">
        <metrics statements="11" coveredstatements="11" conditionals="0" coveredconditionals="0" methods="6" coveredmethods="6"/>
        <line num="3" count="2" type="stmt"/>
        <line num="4" count="8" type="stmt"/>
        <line num="5" count="8" type="stmt"/>
        <line num="8" count="8" type="stmt"/>
        <line num="13" count="2" type="stmt"/>
        <line num="17" count="2" type="stmt"/>
        <line num="26" count="2" type="stmt"/>
        <line num="33" count="2" type="stmt"/>
        <line num="34" count="8" type="stmt"/>
        <line num="38" count="8" type="stmt"/>
        <line num="43" count="8" type="stmt"/>
      </file>
    </package>
    <package name="src.components.Library">
      <metrics statements="22" coveredstatements="21" conditionals="12" coveredconditionals="10" methods="13" coveredmethods="12"/>
      <file name="MusicLibraryMain.js" path="C:\Users\Laura\Documents\EBAC\JEST\Aplica Jest con React\practica-test-biblioteca-musical\src\components\Library\MusicLibraryMain.js">
        <metrics statements="10" coveredstatements="9" conditionals="12" coveredconditionals="10" methods="7" coveredmethods="6"/>
        <line num="10" count="12" type="stmt"/>
        <line num="11" count="24" type="stmt"/>
        <line num="12" count="24" type="stmt"/>
        <line num="14" count="12" type="stmt"/>
        <line num="15" count="10" type="cond" truecount="2" falsecount="0"/>
        <line num="16" count="1" type="stmt"/>
        <line num="20" count="12" type="stmt"/>
        <line num="26" count="0" type="stmt"/>
        <line num="42" count="9" type="stmt"/>
        <line num="44" count="2" type="stmt"/>
      </file>
      <file name="styles.js" path="C:\Users\Laura\Documents\EBAC\JEST\Aplica Jest con React\practica-test-biblioteca-musical\src\components\Library\styles.js">
        <metrics statements="12" coveredstatements="12" conditionals="0" coveredconditionals="0" methods="6" coveredmethods="6"/>
        <line num="3" count="2" type="stmt"/>
        <line num="13" count="2" type="stmt"/>
        <line num="18" count="12" type="stmt"/>
        <line num="19" count="12" type="stmt"/>
        <line num="20" count="12" type="stmt"/>
        <line num="24" count="12" type="stmt"/>
        <line num="26" count="12" type="stmt"/>
        <line num="30" count="12" type="stmt"/>
        <line num="34" count="2" type="stmt"/>
        <line num="41" count="2" type="stmt"/>
        <line num="47" count="2" type="stmt"/>
        <line num="56" count="2" type="stmt"/>
      </file>
    </package>
    <package name="src.components.SearchResults">
      <metrics statements="8" coveredstatements="8" conditionals="0" coveredconditionals="0" methods="4" coveredmethods="4"/>
      <file name="searchresult.js" path="C:\Users\Laura\Documents\EBAC\JEST\Aplica Jest con React\practica-test-biblioteca-musical\src\components\SearchResults\searchresult.js">
        <metrics statements="5" coveredstatements="5" conditionals="0" coveredconditionals="0" methods="3" coveredmethods="3"/>
        <line num="6" count="3" type="stmt"/>
        <line num="7" count="6" type="stmt"/>
        <line num="9" count="6" type="stmt"/>
        <line num="13" count="10" type="stmt"/>
        <line num="17" count="1" type="stmt"/>
      </file>
      <file name="styles.js" path="C:\Users\Laura\Documents\EBAC\JEST\Aplica Jest con React\practica-test-biblioteca-musical\src\components\SearchResults\styles.js">
        <metrics statements="3" coveredstatements="3" conditionals="0" coveredconditionals="0" methods="1" coveredmethods="1"/>
        <line num="4" count="3" type="stmt"/>
        <line num="5" count="6" type="stmt"/>
        <line num="8" count="3" type="stmt"/>
      </file>
    </package>
    <package name="src.components.Song">
      <metrics statements="15" coveredstatements="14" conditionals="5" coveredconditionals="4" methods="10" coveredmethods="9"/>
      <file name="song.js" path="C:\Users\Laura\Documents\EBAC\JEST\Aplica Jest con React\practica-test-biblioteca-musical\src\components\Song\song.js">
        <metrics statements="4" coveredstatements="3" conditionals="3" coveredconditionals="2" methods="2" coveredmethods="1"/>
        <line num="3" count="3" type="stmt"/>
        <line num="4" count="19" type="stmt"/>
        <line num="6" count="19" type="stmt"/>
        <line num="14" count="0" type="stmt"/>
      </file>
      <file name="styles.js" path="C:\Users\Laura\Documents\EBAC\JEST\Aplica Jest con React\practica-test-biblioteca-musical\src\components\Song\styles.js">
        <metrics statements="11" coveredstatements="11" conditionals="2" coveredconditionals="2" methods="8" coveredmethods="8"/>
        <line num="3" count="3" type="stmt"/>
        <line num="9" count="19" type="stmt"/>
        <line num="10" count="19" type="stmt"/>
        <line num="13" count="19" type="cond" truecount="2" falsecount="0"/>
        <line num="21" count="3" type="stmt"/>
        <line num="25" count="19" type="stmt"/>
        <line num="31" count="19" type="stmt"/>
        <line num="35" count="3" type="stmt"/>
        <line num="36" count="10" type="stmt"/>
        <line num="40" count="10" type="stmt"/>
        <line num="46" count="10" type="stmt"/>
      </file>
    </package>
    <package name="src.components.SongDetail">
      <metrics statements="12" coveredstatements="6" conditionals="0" coveredconditionals="0" methods="6" coveredmethods="0"/>
      <file name="songDetailStyle.js" path="C:\Users\Laura\Documents\EBAC\JEST\Aplica Jest con React\practica-test-biblioteca-musical\src\components\SongDetail\songDetailStyle.js">
        <metrics statements="12" coveredstatements="6" conditionals="0" coveredconditionals="0" methods="6" coveredmethods="0"/>
        <line num="3" count="1" type="stmt"/>
        <line num="6" count="0" type="stmt"/>
        <line num="9" count="1" type="stmt"/>
        <line num="10" count="0" type="stmt"/>
        <line num="19" count="1" type="stmt"/>
        <line num="21" count="0" type="stmt"/>
        <line num="26" count="1" type="stmt"/>
        <line num="27" count="0" type="stmt"/>
        <line num="31" count="0" type="stmt"/>
        <line num="38" count="0" type="stmt"/>
        <line num="42" count="1" type="stmt"/>
        <line num="46" count="1" type="stmt"/>
      </file>
    </package>
    <package name="src.redux.slices">
      <metrics statements="27" coveredstatements="18" conditionals="8" coveredconditionals="2" methods="11" coveredmethods="9"/>
      <file name="librarySlice.js" path="C:\Users\Laura\Documents\EBAC\JEST\Aplica Jest con React\practica-test-biblioteca-musical\src\redux\slices\librarySlice.js">
        <metrics statements="6" coveredstatements="6" conditionals="2" coveredconditionals="2" methods="4" coveredmethods="4"/>
        <line num="3" count="4" type="stmt"/>
        <line num="8" count="3" type="stmt"/>
        <line num="9" count="3" type="cond" truecount="2" falsecount="0"/>
        <line num="10" count="2" type="stmt"/>
        <line num="14" count="5" type="stmt"/>
        <line num="19" count="4" type="stmt"/>
      </file>
      <file name="searchSlice.js" path="C:\Users\Laura\Documents\EBAC\JEST\Aplica Jest con React\practica-test-biblioteca-musical\src\redux\slices\searchSlice.js">
        <metrics statements="21" coveredstatements="12" conditionals="6" coveredconditionals="0" methods="7" coveredmethods="5"/>
        <line num="3" count="4" type="stmt"/>
        <line num="6" count="1" type="stmt"/>
        <line num="7" count="1" type="stmt"/>
        <line num="10" count="0" type="stmt"/>
        <line num="12" count="0" type="cond" truecount="0" falsecount="2"/>
        <line num="14" count="0" type="stmt"/>
        <line num="15" count="0" type="stmt"/>
        <line num="18" count="0" type="stmt"/>
        <line num="20" count="0" type="stmt"/>
        <line num="34" count="0" type="stmt"/>
        <line num="39" count="4" type="stmt"/>
        <line num="48" count="0" type="stmt"/>
        <line num="49" count="0" type="stmt"/>
        <line num="53" count="4" type="stmt"/>
        <line num="55" count="3" type="stmt"/>
        <line num="56" count="3" type="stmt"/>
        <line num="59" count="2" type="stmt"/>
        <line num="60" count="2" type="stmt"/>
        <line num="63" count="1" type="stmt"/>
        <line num="64" count="1" type="stmt"/>
        <line num="69" count="4" type="stmt"/>
      </file>
    </package>
    <package name="src.theme">
      <metrics statements="1" coveredstatements="1" conditionals="0" coveredconditionals="0" methods="0" coveredmethods="0"/>
      <file name="theme.js" path="C:\Users\Laura\Documents\EBAC\JEST\Aplica Jest con React\practica-test-biblioteca-musical\src\theme\theme.js">
        <metrics statements="1" coveredstatements="1" conditionals="0" coveredconditionals="0" methods="0" coveredmethods="0"/>
        <line num="1" count="4" type="stmt"/>
      </file>
    </package>
  </project>
</coverage>
