{"C:\\Users\\Laura\\Documents\\EBAC\\JEST\\Aplica Jest con React\\practica-test-biblioteca-musical\\src\\App.js": {"path":"C:\\Users\\Laura\\Documents\\EBAC\\JEST\\Aplica Jest con React\\practica-test-biblioteca-musical\\src\\App.js","statementMap":{"0":{"start":{"line":11,"column":34},"end":{"line":11,"column":46}},"1":{"start":{"line":12,"column":38},"end":{"line":12,"column":50}},"2":{"start":{"line":14,"column":23},"end":{"line":17,"column":3}},"3":{"start":{"line":15,"column":4},"end":{"line":15,"column":33}},"4":{"start":{"line":15,"column":26},"end":{"line":15,"column":33}},"5":{"start":{"line":16,"column":4},"end":{"line":16,"column":28}},"6":{"start":{"line":19,"column":2},"end":{"line":30,"column":4}}},"fnMap":{"0":{"name":"App","decl":{"start":{"line":10,"column":9},"end":{"line":10,"column":12}},"loc":{"start":{"line":10,"column":15},"end":{"line":31,"column":1}},"line":10},"1":{"name":"(anonymous_1)","decl":{"start":{"line":14,"column":23},"end":{"line":14,"column":24}},"loc":{"start":{"line":14,"column":29},"end":{"line":17,"column":3}},"line":14}},"branchMap":{"0":{"loc":{"start":{"line":15,"column":4},"end":{"line":15,"column":33}},"type":"if","locations":[{"start":{"line":15,"column":4},"end":{"line":15,"column":33}},{"start":{},"end":{}}],"line":15}},"s":{"0":1,"1":1,"2":1,"3":0,"4":0,"5":0,"6":1},"f":{"0":1,"1":0},"b":{"0":[0,0]},"_coverageSchema":"1a1c01bbd47fc00a2c39e90264f33305004495a9","hash":"e675f33a707b8f9cff4d42bd8589c4b29708873a"}
,"C:\\Users\\Laura\\Documents\\EBAC\\JEST\\Aplica Jest con React\\practica-test-biblioteca-musical\\src\\components\\Header\\index.js": {"path":"C:\\Users\\Laura\\Documents\\EBAC\\JEST\\Aplica Jest con React\\practica-test-biblioteca-musical\\src\\components\\Header\\index.js","statementMap":{"0":{"start":{"line":3,"column":15},"end":{"line":23,"column":1}},"1":{"start":{"line":4,"column":23},"end":{"line":7,"column":3}},"2":{"start":{"line":5,"column":4},"end":{"line":5,"column":23}},"3":{"start":{"line":6,"column":4},"end":{"line":6,"column":15}},"4":{"start":{"line":9,"column":2},"end":{"line":22,"column":4}},"5":{"start":{"line":17,"column":27},"end":{"line":17,"column":54}}},"fnMap":{"0":{"name":"(anonymous_0)","decl":{"start":{"line":3,"column":15},"end":{"line":3,"column":16}},"loc":{"start":{"line":3,"column":56},"end":{"line":23,"column":1}},"line":3},"1":{"name":"(anonymous_1)","decl":{"start":{"line":4,"column":23},"end":{"line":4,"column":24}},"loc":{"start":{"line":4,"column":30},"end":{"line":7,"column":3}},"line":4},"2":{"name":"(anonymous_2)","decl":{"start":{"line":17,"column":20},"end":{"line":17,"column":21}},"loc":{"start":{"line":17,"column":27},"end":{"line":17,"column":54}},"line":17}},"branchMap":{},"s":{"0":2,"1":8,"2":1,"3":1,"4":8,"5":2},"f":{"0":8,"1":1,"2":2},"b":{},"_coverageSchema":"1a1c01bbd47fc00a2c39e90264f33305004495a9","hash":"47a3d3e740b522b47548d83ce0274299e6efe332"}
,"C:\\Users\\Laura\\Documents\\EBAC\\JEST\\Aplica Jest con React\\practica-test-biblioteca-musical\\src\\components\\Header\\styles.js": {"path":"C:\\Users\\Laura\\Documents\\EBAC\\JEST\\Aplica Jest con React\\practica-test-biblioteca-musical\\src\\components\\Header\\styles.js","statementMap":{"0":{"start":{"line":3,"column":21},"end":{"line":11,"column":1}},"1":{"start":{"line":4,"column":33},"end":{"line":4,"column":60}},"2":{"start":{"line":5,"column":22},"end":{"line":5,"column":50}},"3":{"start":{"line":8,"column":28},"end":{"line":8,"column":50}},"4":{"start":{"line":13,"column":21},"end":{"line":15,"column":1}},"5":{"start":{"line":17,"column":19},"end":{"line":24,"column":1}},"6":{"start":{"line":26,"column":20},"end":{"line":31,"column":1}},"7":{"start":{"line":33,"column":18},"end":{"line":45,"column":1}},"8":{"start":{"line":34,"column":33},"end":{"line":34,"column":59}},"9":{"start":{"line":38,"column":30},"end":{"line":38,"column":50}},"10":{"start":{"line":43,"column":35},"end":{"line":43,"column":66}}},"fnMap":{"0":{"name":"(anonymous_0)","decl":{"start":{"line":4,"column":22},"end":{"line":4,"column":23}},"loc":{"start":{"line":4,"column":33},"end":{"line":4,"column":60}},"line":4},"1":{"name":"(anonymous_1)","decl":{"start":{"line":5,"column":11},"end":{"line":5,"column":12}},"loc":{"start":{"line":5,"column":22},"end":{"line":5,"column":50}},"line":5},"2":{"name":"(anonymous_2)","decl":{"start":{"line":8,"column":17},"end":{"line":8,"column":18}},"loc":{"start":{"line":8,"column":28},"end":{"line":8,"column":50}},"line":8},"3":{"name":"(anonymous_3)","decl":{"start":{"line":34,"column":22},"end":{"line":34,"column":23}},"loc":{"start":{"line":34,"column":33},"end":{"line":34,"column":59}},"line":34},"4":{"name":"(anonymous_4)","decl":{"start":{"line":38,"column":19},"end":{"line":38,"column":20}},"loc":{"start":{"line":38,"column":30},"end":{"line":38,"column":50}},"line":38},"5":{"name":"(anonymous_5)","decl":{"start":{"line":43,"column":24},"end":{"line":43,"column":25}},"loc":{"start":{"line":43,"column":35},"end":{"line":43,"column":66}},"line":43}},"branchMap":{},"s":{"0":2,"1":8,"2":8,"3":8,"4":2,"5":2,"6":2,"7":2,"8":8,"9":8,"10":8},"f":{"0":8,"1":8,"2":8,"3":8,"4":8,"5":8},"b":{},"_coverageSchema":"1a1c01bbd47fc00a2c39e90264f33305004495a9","hash":"3eba78de430fe0e8f6927ad300a2756dcb477694"}
,"C:\\Users\\Laura\\Documents\\EBAC\\JEST\\Aplica Jest con React\\practica-test-biblioteca-musical\\src\\components\\Library\\MusicLibraryMain.js": {"path":"C:\\Users\\Laura\\Documents\\EBAC\\JEST\\Aplica Jest con React\\practica-test-biblioteca-musical\\src\\components\\Library\\MusicLibraryMain.js","statementMap":{"0":{"start":{"line":10,"column":19},"end":{"line":10,"column":32}},"1":{"start":{"line":11,"column":21},"end":{"line":11,"column":58}},"2":{"start":{"line":11,"column":44},"end":{"line":11,"column":57}},"3":{"start":{"line":12,"column":38},"end":{"line":12,"column":74}},"4":{"start":{"line":12,"column":61},"end":{"line":12,"column":73}},"5":{"start":{"line":14,"column":2},"end":{"line":18,"column":29}},"6":{"start":{"line":15,"column":4},"end":{"line":17,"column":5}},"7":{"start":{"line":16,"column":6},"end":{"line":16,"column":39}},"8":{"start":{"line":20,"column":2},"end":{"line":50,"column":4}},"9":{"start":{"line":26,"column":42},"end":{"line":26,"column":66}},"10":{"start":{"line":42,"column":12},"end":{"line":45,"column":18}},"11":{"start":{"line":44,"column":44},"end":{"line":44,"column":76}}},"fnMap":{"0":{"name":"MusicLibraryMain","decl":{"start":{"line":9,"column":9},"end":{"line":9,"column":25}},"loc":{"start":{"line":9,"column":42},"end":{"line":51,"column":1}},"line":9},"1":{"name":"(anonymous_1)","decl":{"start":{"line":11,"column":33},"end":{"line":11,"column":34}},"loc":{"start":{"line":11,"column":44},"end":{"line":11,"column":57}},"line":11},"2":{"name":"(anonymous_2)","decl":{"start":{"line":12,"column":50},"end":{"line":12,"column":51}},"loc":{"start":{"line":12,"column":61},"end":{"line":12,"column":73}},"line":12},"3":{"name":"(anonymous_3)","decl":{"start":{"line":14,"column":12},"end":{"line":14,"column":13}},"loc":{"start":{"line":14,"column":18},"end":{"line":18,"column":3}},"line":14},"4":{"name":"(anonymous_4)","decl":{"start":{"line":26,"column":36},"end":{"line":26,"column":37}},"loc":{"start":{"line":26,"column":42},"end":{"line":26,"column":66}},"line":26},"5":{"name":"(anonymous_5)","decl":{"start":{"line":41,"column":25},"end":{"line":41,"column":26}},"loc":{"start":{"line":42,"column":12},"end":{"line":45,"column":18}},"line":42},"6":{"name":"(anonymous_6)","decl":{"start":{"line":44,"column":38},"end":{"line":44,"column":39}},"loc":{"start":{"line":44,"column":44},"end":{"line":44,"column":76}},"line":44}},"branchMap":{"0":{"loc":{"start":{"line":15,"column":4},"end":{"line":17,"column":5}},"type":"if","locations":[{"start":{"line":15,"column":4},"end":{"line":17,"column":5}},{"start":{},"end":{}}],"line":15},"1":{"loc":{"start":{"line":22,"column":7},"end":{"line":22,"column":50}},"type":"binary-expr","locations":[{"start":{"line":22,"column":7},"end":{"line":22,"column":14}},{"start":{"line":22,"column":18},"end":{"line":22,"column":50}}],"line":22},"2":{"loc":{"start":{"line":23,"column":7},"end":{"line":28,"column":7}},"type":"binary-expr","locations":[{"start":{"line":23,"column":7},"end":{"line":23,"column":12}},{"start":{"line":24,"column":8},"end":{"line":27,"column":14}}],"line":23},"3":{"loc":{"start":{"line":30,"column":7},"end":{"line":32,"column":7}},"type":"binary-expr","locations":[{"start":{"line":30,"column":7},"end":{"line":30,"column":15}},{"start":{"line":30,"column":19},"end":{"line":30,"column":25}},{"start":{"line":30,"column":29},"end":{"line":30,"column":47}},{"start":{"line":31,"column":8},"end":{"line":31,"column":45}}],"line":30},"4":{"loc":{"start":{"line":38,"column":9},"end":{"line":47,"column":9}},"type":"cond-expr","locations":[{"start":{"line":39,"column":10},"end":{"line":39,"column":47}},{"start":{"line":41,"column":10},"end":{"line":46,"column":12}}],"line":38}},"s":{"0":12,"1":12,"2":24,"3":12,"4":24,"5":12,"6":10,"7":1,"8":12,"9":0,"10":9,"11":2},"f":{"0":12,"1":24,"2":24,"3":10,"4":0,"5":9,"6":2},"b":{"0":[1,9],"1":[12,1],"2":[12,0],"3":[12,11,11,0],"4":[6,6]},"_coverageSchema":"1a1c01bbd47fc00a2c39e90264f33305004495a9","hash":"3480bf70ba59f9eff2c4affca5c286477e58a252"}
,"C:\\Users\\Laura\\Documents\\EBAC\\JEST\\Aplica Jest con React\\practica-test-biblioteca-musical\\src\\components\\Library\\styles.js": {"path":"C:\\Users\\Laura\\Documents\\EBAC\\JEST\\Aplica Jest con React\\practica-test-biblioteca-musical\\src\\components\\Library\\styles.js","statementMap":{"0":{"start":{"line":3,"column":21},"end":{"line":10,"column":1}},"1":{"start":{"line":13,"column":26},"end":{"line":33,"column":1}},"2":{"start":{"line":18,"column":35},"end":{"line":18,"column":60}},"3":{"start":{"line":19,"column":31},"end":{"line":19,"column":51}},"4":{"start":{"line":20,"column":35},"end":{"line":20,"column":61}},"5":{"start":{"line":24,"column":26},"end":{"line":24,"column":52}},"6":{"start":{"line":26,"column":32},"end":{"line":26,"column":58}},"7":{"start":{"line":30,"column":26},"end":{"line":30,"column":54}},"8":{"start":{"line":34,"column":17},"end":{"line":39,"column":1}},"9":{"start":{"line":41,"column":25},"end":{"line":45,"column":1}},"10":{"start":{"line":47,"column":24},"end":{"line":55,"column":1}},"11":{"start":{"line":56,"column":22},"end":{"line":58,"column":1}}},"fnMap":{"0":{"name":"(anonymous_0)","decl":{"start":{"line":18,"column":22},"end":{"line":18,"column":23}},"loc":{"start":{"line":18,"column":35},"end":{"line":18,"column":60}},"line":18},"1":{"name":"(anonymous_1)","decl":{"start":{"line":19,"column":19},"end":{"line":19,"column":20}},"loc":{"start":{"line":19,"column":31},"end":{"line":19,"column":51}},"line":19},"2":{"name":"(anonymous_2)","decl":{"start":{"line":20,"column":22},"end":{"line":20,"column":23}},"loc":{"start":{"line":20,"column":35},"end":{"line":20,"column":61}},"line":20},"3":{"name":"(anonymous_3)","decl":{"start":{"line":24,"column":13},"end":{"line":24,"column":14}},"loc":{"start":{"line":24,"column":26},"end":{"line":24,"column":52}},"line":24},"4":{"name":"(anonymous_4)","decl":{"start":{"line":26,"column":19},"end":{"line":26,"column":20}},"loc":{"start":{"line":26,"column":32},"end":{"line":26,"column":58}},"line":26},"5":{"name":"(anonymous_5)","decl":{"start":{"line":30,"column":13},"end":{"line":30,"column":14}},"loc":{"start":{"line":30,"column":26},"end":{"line":30,"column":54}},"line":30}},"branchMap":{},"s":{"0":2,"1":2,"2":12,"3":12,"4":12,"5":12,"6":12,"7":12,"8":2,"9":2,"10":2,"11":2},"f":{"0":12,"1":12,"2":12,"3":12,"4":12,"5":12},"b":{},"_coverageSchema":"1a1c01bbd47fc00a2c39e90264f33305004495a9","hash":"b84df1820a19c576b5aa7e3ee9b971bd3eb08c17"}
,"C:\\Users\\Laura\\Documents\\EBAC\\JEST\\Aplica Jest con React\\practica-test-biblioteca-musical\\src\\components\\SearchResults\\searchresult.js": {"path":"C:\\Users\\Laura\\Documents\\EBAC\\JEST\\Aplica Jest con React\\practica-test-biblioteca-musical\\src\\components\\SearchResults\\searchresult.js","statementMap":{"0":{"start":{"line":6,"column":22},"end":{"line":22,"column":1}},"1":{"start":{"line":7,"column":19},"end":{"line":7,"column":32}},"2":{"start":{"line":9,"column":2},"end":{"line":21,"column":4}},"3":{"start":{"line":13,"column":8},"end":{"line":18,"column":21}},"4":{"start":{"line":17,"column":33},"end":{"line":17,"column":59}}},"fnMap":{"0":{"name":"(anonymous_0)","decl":{"start":{"line":6,"column":22},"end":{"line":6,"column":23}},"loc":{"start":{"line":6,"column":41},"end":{"line":22,"column":1}},"line":6},"1":{"name":"(anonymous_1)","decl":{"start":{"line":12,"column":21},"end":{"line":12,"column":22}},"loc":{"start":{"line":13,"column":8},"end":{"line":18,"column":21}},"line":13},"2":{"name":"(anonymous_2)","decl":{"start":{"line":17,"column":27},"end":{"line":17,"column":28}},"loc":{"start":{"line":17,"column":33},"end":{"line":17,"column":59}},"line":17}},"branchMap":{},"s":{"0":3,"1":6,"2":6,"3":10,"4":1},"f":{"0":6,"1":10,"2":1},"b":{},"_coverageSchema":"1a1c01bbd47fc00a2c39e90264f33305004495a9","hash":"1cb099cf979a24dbd91409cbb12f6a434baa1253"}
,"C:\\Users\\Laura\\Documents\\EBAC\\JEST\\Aplica Jest con React\\practica-test-biblioteca-musical\\src\\components\\SearchResults\\styles.js": {"path":"C:\\Users\\Laura\\Documents\\EBAC\\JEST\\Aplica Jest con React\\practica-test-biblioteca-musical\\src\\components\\SearchResults\\styles.js","statementMap":{"0":{"start":{"line":4,"column":26},"end":{"line":6,"column":1}},"1":{"start":{"line":5,"column":22},"end":{"line":5,"column":48}},"2":{"start":{"line":8,"column":19},"end":{"line":12,"column":1}}},"fnMap":{"0":{"name":"(anonymous_0)","decl":{"start":{"line":5,"column":11},"end":{"line":5,"column":12}},"loc":{"start":{"line":5,"column":22},"end":{"line":5,"column":48}},"line":5}},"branchMap":{},"s":{"0":3,"1":6,"2":3},"f":{"0":6},"b":{},"_coverageSchema":"1a1c01bbd47fc00a2c39e90264f33305004495a9","hash":"bf89d08098cd59df1b341415564c44d31fa43ff2"}
,"C:\\Users\\Laura\\Documents\\EBAC\\JEST\\Aplica Jest con React\\practica-test-biblioteca-musical\\src\\components\\Song\\song.js": {"path":"C:\\Users\\Laura\\Documents\\EBAC\\JEST\\Aplica Jest con React\\practica-test-biblioteca-musical\\src\\components\\Song\\song.js","statementMap":{"0":{"start":{"line":3,"column":13},"end":{"line":18,"column":1}},"1":{"start":{"line":4,"column":47},"end":{"line":4,"column":54}},"2":{"start":{"line":6,"column":2},"end":{"line":17,"column":4}},"3":{"start":{"line":14,"column":31},"end":{"line":14,"column":45}}},"fnMap":{"0":{"name":"(anonymous_0)","decl":{"start":{"line":3,"column":13},"end":{"line":3,"column":14}},"loc":{"start":{"line":3,"column":60},"end":{"line":18,"column":1}},"line":3},"1":{"name":"(anonymous_1)","decl":{"start":{"line":14,"column":25},"end":{"line":14,"column":26}},"loc":{"start":{"line":14,"column":31},"end":{"line":14,"column":45}},"line":14}},"branchMap":{"0":{"loc":{"start":{"line":13,"column":7},"end":{"line":15,"column":7}},"type":"binary-expr","locations":[{"start":{"line":13,"column":7},"end":{"line":13,"column":17}},{"start":{"line":13,"column":21},"end":{"line":13,"column":32}},{"start":{"line":14,"column":8},"end":{"line":14,"column":63}}],"line":13}},"s":{"0":3,"1":19,"2":19,"3":0},"f":{"0":19,"1":0},"b":{"0":[19,10,0]},"_coverageSchema":"1a1c01bbd47fc00a2c39e90264f33305004495a9","hash":"e2eeed4655672a2a5d6368517d189377e5c2466e"}
,"C:\\Users\\Laura\\Documents\\EBAC\\JEST\\Aplica Jest con React\\practica-test-biblioteca-musical\\src\\components\\Song\\styles.js": {"path":"C:\\Users\\Laura\\Documents\\EBAC\\JEST\\Aplica Jest con React\\practica-test-biblioteca-musical\\src\\components\\Song\\styles.js","statementMap":{"0":{"start":{"line":3,"column":18},"end":{"line":19,"column":1}},"1":{"start":{"line":9,"column":37},"end":{"line":9,"column":56}},"2":{"start":{"line":10,"column":34},"end":{"line":10,"column":48}},"3":{"start":{"line":13,"column":4},"end":{"line":13,"column":61}},"4":{"start":{"line":21,"column":18},"end":{"line":33,"column":1}},"5":{"start":{"line":25,"column":28},"end":{"line":25,"column":46}},"6":{"start":{"line":31,"column":28},"end":{"line":31,"column":50}},"7":{"start":{"line":35,"column":16},"end":{"line":48,"column":1}},"8":{"start":{"line":36,"column":37},"end":{"line":36,"column":57}},"9":{"start":{"line":40,"column":34},"end":{"line":40,"column":48}},"10":{"start":{"line":46,"column":39},"end":{"line":46,"column":64}}},"fnMap":{"0":{"name":"(anonymous_0)","decl":{"start":{"line":9,"column":22},"end":{"line":9,"column":23}},"loc":{"start":{"line":9,"column":37},"end":{"line":9,"column":56}},"line":9},"1":{"name":"(anonymous_1)","decl":{"start":{"line":10,"column":19},"end":{"line":10,"column":20}},"loc":{"start":{"line":10,"column":34},"end":{"line":10,"column":48}},"line":10},"2":{"name":"(anonymous_2)","decl":{"start":{"line":12,"column":17},"end":{"line":12,"column":18}},"loc":{"start":{"line":13,"column":4},"end":{"line":13,"column":61}},"line":13},"3":{"name":"(anonymous_3)","decl":{"start":{"line":25,"column":13},"end":{"line":25,"column":14}},"loc":{"start":{"line":25,"column":28},"end":{"line":25,"column":46}},"line":25},"4":{"name":"(anonymous_4)","decl":{"start":{"line":31,"column":13},"end":{"line":31,"column":14}},"loc":{"start":{"line":31,"column":28},"end":{"line":31,"column":50}},"line":31},"5":{"name":"(anonymous_5)","decl":{"start":{"line":36,"column":22},"end":{"line":36,"column":23}},"loc":{"start":{"line":36,"column":37},"end":{"line":36,"column":57}},"line":36},"6":{"name":"(anonymous_6)","decl":{"start":{"line":40,"column":19},"end":{"line":40,"column":20}},"loc":{"start":{"line":40,"column":34},"end":{"line":40,"column":48}},"line":40},"7":{"name":"(anonymous_7)","decl":{"start":{"line":46,"column":24},"end":{"line":46,"column":25}},"loc":{"start":{"line":46,"column":39},"end":{"line":46,"column":64}},"line":46}},"branchMap":{"0":{"loc":{"start":{"line":13,"column":4},"end":{"line":13,"column":61}},"type":"cond-expr","locations":[{"start":{"line":13,"column":17},"end":{"line":13,"column":52}},{"start":{"line":13,"column":55},"end":{"line":13,"column":61}}],"line":13}},"s":{"0":3,"1":19,"2":19,"3":19,"4":3,"5":19,"6":19,"7":3,"8":10,"9":10,"10":10},"f":{"0":19,"1":19,"2":19,"3":19,"4":19,"5":10,"6":10,"7":10},"b":{"0":[9,10]},"_coverageSchema":"1a1c01bbd47fc00a2c39e90264f33305004495a9","hash":"2aae354063d4404555dfc819db772d66fc728aea"}
,"C:\\Users\\Laura\\Documents\\EBAC\\JEST\\Aplica Jest con React\\practica-test-biblioteca-musical\\src\\components\\SongDetail\\songDetailStyle.js": {"path":"C:\\Users\\Laura\\Documents\\EBAC\\JEST\\Aplica Jest con React\\practica-test-biblioteca-musical\\src\\components\\SongDetail\\songDetailStyle.js","statementMap":{"0":{"start":{"line":3,"column":23},"end":{"line":7,"column":1}},"1":{"start":{"line":6,"column":24},"end":{"line":6,"column":52}},"2":{"start":{"line":9,"column":18},"end":{"line":17,"column":1}},"3":{"start":{"line":10,"column":22},"end":{"line":10,"column":48}},"4":{"start":{"line":19,"column":18},"end":{"line":24,"column":1}},"5":{"start":{"line":21,"column":32},"end":{"line":21,"column":52}},"6":{"start":{"line":26,"column":21},"end":{"line":40,"column":1}},"7":{"start":{"line":27,"column":33},"end":{"line":27,"column":59}},"8":{"start":{"line":31,"column":30},"end":{"line":31,"column":50}},"9":{"start":{"line":38,"column":35},"end":{"line":38,"column":66}},"10":{"start":{"line":42,"column":19},"end":{"line":44,"column":1}},"11":{"start":{"line":46,"column":17},"end":{"line":50,"column":1}}},"fnMap":{"0":{"name":"(anonymous_0)","decl":{"start":{"line":6,"column":11},"end":{"line":6,"column":12}},"loc":{"start":{"line":6,"column":24},"end":{"line":6,"column":52}},"line":6},"1":{"name":"(anonymous_1)","decl":{"start":{"line":10,"column":11},"end":{"line":10,"column":12}},"loc":{"start":{"line":10,"column":22},"end":{"line":10,"column":48}},"line":10},"2":{"name":"(anonymous_2)","decl":{"start":{"line":21,"column":19},"end":{"line":21,"column":20}},"loc":{"start":{"line":21,"column":32},"end":{"line":21,"column":52}},"line":21},"3":{"name":"(anonymous_3)","decl":{"start":{"line":27,"column":22},"end":{"line":27,"column":23}},"loc":{"start":{"line":27,"column":33},"end":{"line":27,"column":59}},"line":27},"4":{"name":"(anonymous_4)","decl":{"start":{"line":31,"column":19},"end":{"line":31,"column":20}},"loc":{"start":{"line":31,"column":30},"end":{"line":31,"column":50}},"line":31},"5":{"name":"(anonymous_5)","decl":{"start":{"line":38,"column":24},"end":{"line":38,"column":25}},"loc":{"start":{"line":38,"column":35},"end":{"line":38,"column":66}},"line":38}},"branchMap":{},"s":{"0":1,"1":0,"2":1,"3":0,"4":1,"5":0,"6":1,"7":0,"8":0,"9":0,"10":1,"11":1},"f":{"0":0,"1":0,"2":0,"3":0,"4":0,"5":0},"b":{},"_coverageSchema":"1a1c01bbd47fc00a2c39e90264f33305004495a9","hash":"b7a88a96881f5885bdb0d7ed541aed5ae4ddef7f"}
,"C:\\Users\\Laura\\Documents\\EBAC\\JEST\\Aplica Jest con React\\practica-test-biblioteca-musical\\src\\redux\\slices\\librarySlice.js": {"path":"C:\\Users\\Laura\\Documents\\EBAC\\JEST\\Aplica Jest con React\\practica-test-biblioteca-musical\\src\\redux\\slices\\librarySlice.js","statementMap":{"0":{"start":{"line":3,"column":21},"end":{"line":17,"column":2}},"1":{"start":{"line":8,"column":21},"end":{"line":8,"column":78}},"2":{"start":{"line":8,"column":45},"end":{"line":8,"column":77}},"3":{"start":{"line":9,"column":6},"end":{"line":11,"column":7}},"4":{"start":{"line":10,"column":8},"end":{"line":10,"column":35}},"5":{"start":{"line":14,"column":6},"end":{"line":14,"column":70}},"6":{"start":{"line":14,"column":39},"end":{"line":14,"column":68}},"7":{"start":{"line":19,"column":39},"end":{"line":19,"column":59}}},"fnMap":{"0":{"name":"(anonymous_0)","decl":{"start":{"line":7,"column":13},"end":{"line":7,"column":14}},"loc":{"start":{"line":7,"column":32},"end":{"line":12,"column":5}},"line":7},"1":{"name":"(anonymous_1)","decl":{"start":{"line":8,"column":32},"end":{"line":8,"column":33}},"loc":{"start":{"line":8,"column":45},"end":{"line":8,"column":77}},"line":8},"2":{"name":"(anonymous_2)","decl":{"start":{"line":13,"column":16},"end":{"line":13,"column":17}},"loc":{"start":{"line":13,"column":35},"end":{"line":15,"column":5}},"line":13},"3":{"name":"(anonymous_3)","decl":{"start":{"line":14,"column":26},"end":{"line":14,"column":27}},"loc":{"start":{"line":14,"column":39},"end":{"line":14,"column":68}},"line":14}},"branchMap":{"0":{"loc":{"start":{"line":9,"column":6},"end":{"line":11,"column":7}},"type":"if","locations":[{"start":{"line":9,"column":6},"end":{"line":11,"column":7}},{"start":{},"end":{}}],"line":9}},"s":{"0":4,"1":3,"2":1,"3":3,"4":2,"5":3,"6":5,"7":4},"f":{"0":3,"1":1,"2":3,"3":5},"b":{"0":[2,1]},"_coverageSchema":"1a1c01bbd47fc00a2c39e90264f33305004495a9","hash":"a77275c19d2c9fa87ab32328b27a67bd30b27b19"}
,"C:\\Users\\Laura\\Documents\\EBAC\\JEST\\Aplica Jest con React\\practica-test-biblioteca-musical\\src\\redux\\slices\\searchSlice.js": {"path":"C:\\Users\\Laura\\Documents\\EBAC\\JEST\\Aplica Jest con React\\practica-test-biblioteca-musical\\src\\redux\\slices\\searchSlice.js","statementMap":{"0":{"start":{"line":3,"column":26},"end":{"line":37,"column":1}},"1":{"start":{"line":6,"column":4},"end":{"line":35,"column":5}},"2":{"start":{"line":7,"column":23},"end":{"line":9,"column":7}},"3":{"start":{"line":10,"column":19},"end":{"line":10,"column":40}},"4":{"start":{"line":12,"column":6},"end":{"line":12,"column":71}},"5":{"start":{"line":12,"column":23},"end":{"line":12,"column":71}},"6":{"start":{"line":14,"column":26},"end":{"line":14,"column":39}},"7":{"start":{"line":15,"column":28},"end":{"line":17,"column":7}},"8":{"start":{"line":18,"column":24},"end":{"line":18,"column":50}},"9":{"start":{"line":20,"column":6},"end":{"line":32,"column":10}},"10":{"start":{"line":20,"column":45},"end":{"line":32,"column":7}},"11":{"start":{"line":34,"column":6},"end":{"line":34,"column":44}},"12":{"start":{"line":39,"column":20},"end":{"line":67,"column":2}},"13":{"start":{"line":48,"column":6},"end":{"line":48,"column":25}},"14":{"start":{"line":49,"column":6},"end":{"line":49,"column":25}},"15":{"start":{"line":53,"column":4},"end":{"line":65,"column":9}},"16":{"start":{"line":55,"column":8},"end":{"line":55,"column":29}},"17":{"start":{"line":56,"column":8},"end":{"line":56,"column":27}},"18":{"start":{"line":59,"column":8},"end":{"line":59,"column":30}},"19":{"start":{"line":60,"column":8},"end":{"line":60,"column":39}},"20":{"start":{"line":63,"column":8},"end":{"line":63,"column":30}},"21":{"start":{"line":64,"column":8},"end":{"line":64,"column":37}},"22":{"start":{"line":69,"column":32},"end":{"line":69,"column":51}}},"fnMap":{"0":{"name":"(anonymous_0)","decl":{"start":{"line":5,"column":2},"end":{"line":5,"column":3}},"loc":{"start":{"line":5,"column":43},"end":{"line":36,"column":3}},"line":5},"1":{"name":"(anonymous_1)","decl":{"start":{"line":20,"column":33},"end":{"line":20,"column":34}},"loc":{"start":{"line":20,"column":45},"end":{"line":32,"column":7}},"line":20},"2":{"name":"(anonymous_2)","decl":{"start":{"line":47,"column":18},"end":{"line":47,"column":19}},"loc":{"start":{"line":47,"column":29},"end":{"line":50,"column":5}},"line":47},"3":{"name":"(anonymous_3)","decl":{"start":{"line":52,"column":17},"end":{"line":52,"column":18}},"loc":{"start":{"line":52,"column":30},"end":{"line":66,"column":3}},"line":52},"4":{"name":"(anonymous_4)","decl":{"start":{"line":54,"column":35},"end":{"line":54,"column":36}},"loc":{"start":{"line":54,"column":46},"end":{"line":57,"column":7}},"line":54},"5":{"name":"(anonymous_5)","decl":{"start":{"line":58,"column":37},"end":{"line":58,"column":38}},"loc":{"start":{"line":58,"column":56},"end":{"line":61,"column":7}},"line":58},"6":{"name":"(anonymous_6)","decl":{"start":{"line":62,"column":36},"end":{"line":62,"column":37}},"loc":{"start":{"line":62,"column":55},"end":{"line":65,"column":7}},"line":62}},"branchMap":{"0":{"loc":{"start":{"line":12,"column":6},"end":{"line":12,"column":71}},"type":"if","locations":[{"start":{"line":12,"column":6},"end":{"line":12,"column":71}},{"start":{},"end":{}}],"line":12},"1":{"loc":{"start":{"line":27,"column":10},"end":{"line":31,"column":17}},"type":"cond-expr","locations":[{"start":{"line":28,"column":14},"end":{"line":30,"column":34}},{"start":{"line":31,"column":14},"end":{"line":31,"column":17}}],"line":27},"2":{"loc":{"start":{"line":27,"column":10},"end":{"line":27,"column":52}},"type":"binary-expr","locations":[{"start":{"line":27,"column":10},"end":{"line":27,"column":27}},{"start":{"line":27,"column":31},"end":{"line":27,"column":52}}],"line":27}},"s":{"0":4,"1":1,"2":1,"3":0,"4":0,"5":0,"6":0,"7":0,"8":0,"9":0,"10":0,"11":0,"12":4,"13":0,"14":0,"15":4,"16":3,"17":3,"18":2,"19":2,"20":1,"21":1,"22":4},"f":{"0":1,"1":0,"2":0,"3":4,"4":3,"5":2,"6":1},"b":{"0":[0,0],"1":[0,0],"2":[0,0]},"_coverageSchema":"1a1c01bbd47fc00a2c39e90264f33305004495a9","hash":"21f6507199d8783619a89ddb739db8db3300937a"}
,"C:\\Users\\Laura\\Documents\\EBAC\\JEST\\Aplica Jest con React\\practica-test-biblioteca-musical\\src\\theme\\theme.js": {"path":"C:\\Users\\Laura\\Documents\\EBAC\\JEST\\Aplica Jest con React\\practica-test-biblioteca-musical\\src\\theme\\theme.js","statementMap":{"0":{"start":{"line":1,"column":21},"end":{"line":21,"column":1}}},"fnMap":{},"branchMap":{},"s":{"0":4},"f":{},"b":{},"_coverageSchema":"1a1c01bbd47fc00a2c39e90264f33305004495a9","hash":"118f97cf2ef6405143cdb858b196b308c6afd5a5"}
}
