TN:
SF:src\App.js
FN:10,App
FN:14,(anonymous_1)
FNF:2
FNH:1
FNDA:1,App
FNDA:0,(anonymous_1)
DA:11,1
DA:12,1
DA:14,1
DA:15,0
DA:16,0
DA:19,1
LF:6
LH:4
BRDA:15,0,0,0
BRDA:15,0,1,0
BRF:2
BRH:0
end_of_record
TN:
SF:src\components\Header\index.js
FN:3,(anonymous_0)
FN:4,(anonymous_1)
FN:17,(anonymous_2)
FNF:3
FNH:3
FNDA:8,(anonymous_0)
FNDA:1,(anonymous_1)
FNDA:2,(anonymous_2)
DA:3,2
DA:4,8
DA:5,1
DA:6,1
DA:9,8
DA:17,2
LF:6
LH:6
BRF:0
BRH:0
end_of_record
TN:
SF:src\components\Header\styles.js
FN:4,(anonymous_0)
FN:5,(anonymous_1)
FN:8,(anonymous_2)
FN:34,(anonymous_3)
FN:38,(anonymous_4)
FN:43,(anonymous_5)
FNF:6
FNH:6
FNDA:8,(anonymous_0)
FNDA:8,(anonymous_1)
FNDA:8,(anonymous_2)
FNDA:8,(anonymous_3)
FNDA:8,(anonymous_4)
FNDA:8,(anonymous_5)
DA:3,2
DA:4,8
DA:5,8
DA:8,8
DA:13,2
DA:17,2
DA:26,2
DA:33,2
DA:34,8
DA:38,8
DA:43,8
LF:11
LH:11
BRF:0
BRH:0
end_of_record
TN:
SF:src\components\Library\MusicLibraryMain.js
FN:9,MusicLibraryMain
FN:11,(anonymous_1)
FN:12,(anonymous_2)
FN:14,(anonymous_3)
FN:26,(anonymous_4)
FN:41,(anonymous_5)
FN:44,(anonymous_6)
FNF:7
FNH:6
FNDA:12,MusicLibraryMain
FNDA:24,(anonymous_1)
FNDA:24,(anonymous_2)
FNDA:10,(anonymous_3)
FNDA:0,(anonymous_4)
FNDA:9,(anonymous_5)
FNDA:2,(anonymous_6)
DA:10,12
DA:11,24
DA:12,24
DA:14,12
DA:15,10
DA:16,1
DA:20,12
DA:26,0
DA:42,9
DA:44,2
LF:10
LH:9
BRDA:15,0,0,1
BRDA:15,0,1,9
BRDA:22,1,0,12
BRDA:22,1,1,1
BRDA:23,2,0,12
BRDA:23,2,1,0
BRDA:30,3,0,12
BRDA:30,3,1,11
BRDA:30,3,2,11
BRDA:30,3,3,0
BRDA:38,4,0,6
BRDA:38,4,1,6
BRF:12
BRH:10
end_of_record
TN:
SF:src\components\Library\styles.js
FN:18,(anonymous_0)
FN:19,(anonymous_1)
FN:20,(anonymous_2)
FN:24,(anonymous_3)
FN:26,(anonymous_4)
FN:30,(anonymous_5)
FNF:6
FNH:6
FNDA:12,(anonymous_0)
FNDA:12,(anonymous_1)
FNDA:12,(anonymous_2)
FNDA:12,(anonymous_3)
FNDA:12,(anonymous_4)
FNDA:12,(anonymous_5)
DA:3,2
DA:13,2
DA:18,12
DA:19,12
DA:20,12
DA:24,12
DA:26,12
DA:30,12
DA:34,2
DA:41,2
DA:47,2
DA:56,2
LF:12
LH:12
BRF:0
BRH:0
end_of_record
TN:
SF:src\components\SearchResults\searchresult.js
FN:6,(anonymous_0)
FN:12,(anonymous_1)
FN:17,(anonymous_2)
FNF:3
FNH:3
FNDA:6,(anonymous_0)
FNDA:10,(anonymous_1)
FNDA:1,(anonymous_2)
DA:6,3
DA:7,6
DA:9,6
DA:13,10
DA:17,1
LF:5
LH:5
BRF:0
BRH:0
end_of_record
TN:
SF:src\components\SearchResults\styles.js
FN:5,(anonymous_0)
FNF:1
FNH:1
FNDA:6,(anonymous_0)
DA:4,3
DA:5,6
DA:8,3
LF:3
LH:3
BRF:0
BRH:0
end_of_record
TN:
SF:src\components\Song\song.js
FN:3,(anonymous_0)
FN:14,(anonymous_1)
FNF:2
FNH:1
FNDA:19,(anonymous_0)
FNDA:0,(anonymous_1)
DA:3,3
DA:4,19
DA:6,19
DA:14,0
LF:4
LH:3
BRDA:13,0,0,19
BRDA:13,0,1,10
BRDA:13,0,2,0
BRF:3
BRH:2
end_of_record
TN:
SF:src\components\Song\styles.js
FN:9,(anonymous_0)
FN:10,(anonymous_1)
FN:12,(anonymous_2)
FN:25,(anonymous_3)
FN:31,(anonymous_4)
FN:36,(anonymous_5)
FN:40,(anonymous_6)
FN:46,(anonymous_7)
FNF:8
FNH:8
FNDA:19,(anonymous_0)
FNDA:19,(anonymous_1)
FNDA:19,(anonymous_2)
FNDA:19,(anonymous_3)
FNDA:19,(anonymous_4)
FNDA:10,(anonymous_5)
FNDA:10,(anonymous_6)
FNDA:10,(anonymous_7)
DA:3,3
DA:9,19
DA:10,19
DA:13,19
DA:21,3
DA:25,19
DA:31,19
DA:35,3
DA:36,10
DA:40,10
DA:46,10
LF:11
LH:11
BRDA:13,0,0,9
BRDA:13,0,1,10
BRF:2
BRH:2
end_of_record
TN:
SF:src\components\SongDetail\songDetailStyle.js
FN:6,(anonymous_0)
FN:10,(anonymous_1)
FN:21,(anonymous_2)
FN:27,(anonymous_3)
FN:31,(anonymous_4)
FN:38,(anonymous_5)
FNF:6
FNH:0
FNDA:0,(anonymous_0)
FNDA:0,(anonymous_1)
FNDA:0,(anonymous_2)
FNDA:0,(anonymous_3)
FNDA:0,(anonymous_4)
FNDA:0,(anonymous_5)
DA:3,1
DA:6,0
DA:9,1
DA:10,0
DA:19,1
DA:21,0
DA:26,1
DA:27,0
DA:31,0
DA:38,0
DA:42,1
DA:46,1
LF:12
LH:6
BRF:0
BRH:0
end_of_record
TN:
SF:src\redux\slices\librarySlice.js
FN:7,(anonymous_0)
FN:8,(anonymous_1)
FN:13,(anonymous_2)
FN:14,(anonymous_3)
FNF:4
FNH:4
FNDA:3,(anonymous_0)
FNDA:1,(anonymous_1)
FNDA:3,(anonymous_2)
FNDA:5,(anonymous_3)
DA:3,4
DA:8,3
DA:9,3
DA:10,2
DA:14,5
DA:19,4
LF:6
LH:6
BRDA:9,0,0,2
BRDA:9,0,1,1
BRF:2
BRH:2
end_of_record
TN:
SF:src\redux\slices\searchSlice.js
FN:5,(anonymous_0)
FN:20,(anonymous_1)
FN:47,(anonymous_2)
FN:52,(anonymous_3)
FN:54,(anonymous_4)
FN:58,(anonymous_5)
FN:62,(anonymous_6)
FNF:7
FNH:5
FNDA:1,(anonymous_0)
FNDA:0,(anonymous_1)
FNDA:0,(anonymous_2)
FNDA:4,(anonymous_3)
FNDA:3,(anonymous_4)
FNDA:2,(anonymous_5)
FNDA:1,(anonymous_6)
DA:3,4
DA:6,1
DA:7,1
DA:10,0
DA:12,0
DA:14,0
DA:15,0
DA:18,0
DA:20,0
DA:34,0
DA:39,4
DA:48,0
DA:49,0
DA:53,4
DA:55,3
DA:56,3
DA:59,2
DA:60,2
DA:63,1
DA:64,1
DA:69,4
LF:21
LH:12
BRDA:12,0,0,0
BRDA:12,0,1,0
BRDA:27,1,0,0
BRDA:27,1,1,0
BRDA:27,2,0,0
BRDA:27,2,1,0
BRF:6
BRH:0
end_of_record
TN:
SF:src\theme\theme.js
FNF:0
FNH:0
DA:1,4
LF:1
LH:1
BRF:0
BRH:0
end_of_record
